<?xml version="1.0" encoding="UTF-8"?>
<testsuite xmlns:xsi="http://www.w3.org/2001/XMLSchema-instance" xsi:noNamespaceSchemaLocation="https://maven.apache.org/surefire/maven-surefire-plugin/xsd/surefire-test-report.xsd" name="com.codingapi.txlcn.tm.TestFastStorage" time="0.003" tests="3" errors="0" skipped="0" failures="0">
  <properties>
[...]
</properties>
  <testcase name="testMacId" classname="com.codingapi.txlcn.tm.TestFastStorage" time="0"/>
  <testcase name="testRedisInc" classname="com.codingapi.txlcn.tm.TestFastStorage" time="0"/>
  <testcase name="testMutiSetIf" classname="com.codingapi.txlcn.tm.TestFastStorage" time="0.002"/>
</testsuite>